2020-11-04 15:44:16.766 [main] [TRACE] com.coderdream.AppTest - trace level log
2020-11-04 15:44:16.786 [main] [DEBUG] com.coderdream.AppTest - debug level log
2020-11-04 15:44:16.786 [main] [INFO] com.coderdream.AppTest - info level log
2020-11-04 15:44:16.800 [main] [ERROR] com.coderdream.AppTest - error level log
2020-11-04 15:44:16.848 [main] [FATAL] com.coderdream.AppTest - fatal level log
2020-11-04 15:45:26.673 [main] [TRACE] com.coderdream.AppTest - trace level log
2020-11-04 15:45:26.687 [main] [DEBUG] com.coderdream.AppTest - debug level log
2020-11-04 15:45:26.690 [main] [INFO] com.coderdream.AppTest - info level log
2020-11-04 15:45:26.705 [main] [ERROR] com.coderdream.AppTest - error level log
2020-11-04 15:45:26.711 [main] [FATAL] com.coderdream.AppTest - fatal level log
2020-11-04 15:47:40.666 [main] [TRACE] com.coderdream.AppTest - trace level log
2020-11-04 15:47:40.694 [main] [DEBUG] com.coderdream.AppTest - debug level log
2020-11-04 15:47:40.694 [main] [INFO] com.coderdream.AppTest - info level log
2020-11-04 15:47:40.700 [main] [ERROR] com.coderdream.AppTest - error level log
2020-11-04 15:47:40.712 [main] [FATAL] com.coderdream.AppTest - fatal level log
2020-11-04 15:49:07.794 [main] [TRACE] com.coderdream.AppTest - trace level log
2020-11-04 15:49:07.809 [main] [DEBUG] com.coderdream.AppTest - debug level log
2020-11-04 15:49:07.810 [main] [INFO] com.coderdream.AppTest - info level log
2020-11-04 15:49:07.813 [main] [ERROR] com.coderdream.AppTest - error level log
2020-11-04 15:49:07.819 [main] [FATAL] com.coderdream.AppTest - fatal level log
2020-11-04 15:50:42.512 [main] [TRACE] com.coderdream.AppTest - trace level log
2020-11-04 15:50:42.528 [main] [DEBUG] com.coderdream.AppTest - debug level log
2020-11-04 15:50:42.529 [main] [INFO] com.coderdream.AppTest - info level log
2020-11-04 15:50:42.531 [main] [ERROR] com.coderdream.AppTest - error level log
2020-11-04 15:50:42.533 [main] [FATAL] com.coderdream.AppTest - fatal level log
2020-11-04 15:55:35.990 [main] [TRACE] com.coderdream.AppTest - trace level log
2020-11-04 15:55:36.012 [main] [DEBUG] com.coderdream.AppTest - debug level log
2020-11-04 15:55:36.013 [main] [INFO] com.coderdream.AppTest - info level log
2020-11-04 15:55:36.016 [main] [ERROR] com.coderdream.AppTest - error level log
2020-11-04 15:55:36.017 [main] [FATAL] com.coderdream.AppTest - fatal level log
2020-11-04 15:56:13.163 [main] [TRACE] com.coderdream.AppTest - trace level log
2020-11-04 15:56:13.217 [main] [DEBUG] com.coderdream.AppTest - debug level log
2020-11-04 15:56:13.218 [main] [INFO] com.coderdream.AppTest - info level log
2020-11-04 15:56:13.218 [main] [ERROR] com.coderdream.AppTest - error level log
2020-11-04 15:56:13.223 [main] [FATAL] com.coderdream.AppTest - fatal level log
