2020-11-04 15:47:40,666 TRACE c.c.AppTest [main] trace level log
2020-11-04 15:47:40,694 DEBUG c.c.AppTest [main] debug level log
2020-11-04 15:47:40,694 INFO c.c.AppTest [main] info level log
2020-11-04 15:47:40,700 ERROR c.c.AppTest [main] error level log
2020-11-04 15:47:40,712 FATAL c.c.AppTest [main] fatal level log
2020-11-04 15:49:07,794 TRACE c.c.AppTest [main] trace level log
2020-11-04 15:49:07,809 DEBUG c.c.AppTest [main] debug level log
2020-11-04 15:49:07,810 INFO c.c.AppTest [main] info level log
2020-11-04 15:49:07,813 ERROR c.c.AppTest [main] error level log
2020-11-04 15:49:07,819 FATAL c.c.AppTest [main] fatal level log
2020-11-04 15:50:42,512 TRACE c.c.AppTest [main] trace level log
2020-11-04 15:50:42,528 DEBUG c.c.AppTest [main] debug level log
2020-11-04 15:50:42,529 INFO c.c.AppTest [main] info level log
2020-11-04 15:50:42,531 ERROR c.c.AppTest [main] error level log
2020-11-04 15:50:42,533 FATAL c.c.AppTest [main] fatal level log
2020-11-04 15:55:35,990 TRACE c.c.AppTest [main] trace level log
2020-11-04 15:55:36,012 DEBUG c.c.AppTest [main] debug level log
2020-11-04 15:55:36,013 INFO c.c.AppTest [main] info level log
2020-11-04 15:55:36,016 ERROR c.c.AppTest [main] error level log
2020-11-04 15:55:36,017 FATAL c.c.AppTest [main] fatal level log
2020-11-04 15:56:13,163 TRACE c.c.AppTest [main] trace level log
2020-11-04 15:56:13,217 DEBUG c.c.AppTest [main] debug level log
2020-11-04 15:56:13,218 INFO c.c.AppTest [main] info level log
2020-11-04 15:56:13,218 ERROR c.c.AppTest [main] error level log
2020-11-04 15:56:13,223 FATAL c.c.AppTest [main] fatal level log
